<?xml version="1.0" encoding="UTF-8"?>
<!-- Generated by org.testng.reporters.JUnitXMLReporter -->
<testsuite hostname="DESKTOP-TA93079" ignored="0" name="TestNG Groups Concept" tests="4" failures="0" timestamp="09 Nov 2020 21:23:50 GMT" time="0.098" errors="0">
  <testcase name="test_without_priority" time="0.005" classname="testNG.concepts.TestNGAnnotations"/>
  <testcase name="test_one" time="0.004" classname="testNG.concepts.TestNGAnnotations"/>
  <testcase name="test_two" time="0.007" classname="testNG.concepts.TestNGAnnotations"/>
  <testcase name="test_three" time="0.001" classname="testNG.concepts.TestNGAnnotations"/>
</testsuite> <!-- TestNG Groups Concept -->
