<?xml version="1.0" encoding="UTF-8"?>
<testng-results skipped="0" failed="0" ignored="0" total="2" passed="2">
  <reporter-output>
  </reporter-output>
  <suite name="Suite" duration-ms="24461" started-at="2021-03-08T01:35:07Z" finished-at="2021-03-08T01:35:31Z">
    <groups>
    </groups>
    <test name="Test" duration-ms="24461" started-at="2021-03-08T01:35:07Z" finished-at="2021-03-08T01:35:31Z">
      <class name="tests.DownloadFiles">
        <test-method status="PASS" signature="downloadFile()[pri:0, instance:tests.DownloadFiles@cc285f4]" name="downloadFile" duration-ms="15882" started-at="2021-03-08T01:35:16Z" finished-at="2021-03-08T01:35:31Z">
          <reporter-output>
          </reporter-output>
        </test-method> <!-- downloadFile -->
      </class> <!-- tests.DownloadFiles -->
      <class name="tests.SelectProductTest">
        <test-method status="PASS" signature="beforeMethod()[pri:0, instance:tests.SelectProductTest@c038203]" name="beforeMethod" is-config="true" duration-ms="4111" started-at="2021-03-08T01:35:07Z" finished-at="2021-03-08T01:35:11Z">
          <reporter-output>
          </reporter-output>
        </test-method> <!-- beforeMethod -->
        <test-method status="PASS" signature="readPDF()[pri:0, instance:tests.SelectProductTest@c038203]" name="readPDF" duration-ms="1719" started-at="2021-03-08T01:35:11Z" finished-at="2021-03-08T01:35:13Z">
          <reporter-output>
          </reporter-output>
        </test-method> <!-- readPDF -->
        <test-method status="PASS" signature="afterMethod()[pri:0, instance:tests.SelectProductTest@c038203]" name="afterMethod" is-config="true" duration-ms="2712" started-at="2021-03-08T01:35:13Z" finished-at="2021-03-08T01:35:16Z">
          <reporter-output>
          </reporter-output>
        </test-method> <!-- afterMethod -->
      </class> <!-- tests.SelectProductTest -->
    </test> <!-- Test -->
  </suite> <!-- Suite -->
</testng-results>
