<?xml version="1.0" encoding="UTF-8"?>
<testng-results skipped="0" failed="0" ignored="0" total="1" passed="1">
  <reporter-output>
  </reporter-output>
  <suite name="Default suite" duration-ms="7045" started-at="2021-03-07T20:11:28Z" finished-at="2021-03-07T20:11:35Z">
    <groups>
    </groups>
    <test name="Default test" duration-ms="7045" started-at="2021-03-07T20:11:28Z" finished-at="2021-03-07T20:11:35Z">
      <class name="tests.SelectProductTest">
        <test-method status="PASS" signature="beforeMethod()[pri:0, instance:tests.SelectProductTest@5ae63ade]" name="beforeMethod" is-config="true" duration-ms="4191" started-at="2021-03-07T20:11:28Z" finished-at="2021-03-07T20:11:32Z">
          <reporter-output>
          </reporter-output>
        </test-method> <!-- beforeMethod -->
        <test-method status="PASS" signature="readPDF()[pri:0, instance:tests.SelectProductTest@5ae63ade]" name="readPDF" duration-ms="1542" started-at="2021-03-07T20:11:32Z" finished-at="2021-03-07T20:11:34Z">
          <reporter-output>
          </reporter-output>
        </test-method> <!-- readPDF -->
        <test-method status="PASS" signature="afterMethod()[pri:0, instance:tests.SelectProductTest@5ae63ade]" name="afterMethod" is-config="true" duration-ms="1275" started-at="2021-03-07T20:11:34Z" finished-at="2021-03-07T20:11:35Z">
          <reporter-output>
          </reporter-output>
        </test-method> <!-- afterMethod -->
      </class> <!-- tests.SelectProductTest -->
    </test> <!-- Default test -->
  </suite> <!-- Default suite -->
</testng-results>
