<?xml version="1.0" encoding="UTF-8"?>
<!-- Generated by org.testng.reporters.JUnitXMLReporter -->
<testsuite hostname="DESKTOP-TA93079" ignored="0" name="Login to Hotel Page Dashboard" tests="2" failures="2" timestamp="20 Nov 2020 00:23:32 GMT" time="26.975" errors="0">
  <testcase name="registerUsers" time="0.019" classname="tests.RegisterUserTest">
    <failure type="java.lang.NullPointerException">
      <![CDATA[java.lang.NullPointerException
at org.openqa.selenium.support.pagefactory.DefaultElementLocator.findElement(DefaultElementLocator.java:69)
at org.openqa.selenium.support.pagefactory.internal.LocatingElementHandler.invoke(LocatingElementHandler.java:38)
at com.sun.proxy.$Proxy10.click(Unknown Source)
at pageObj.RegisterUserPageObj.clickMyAccount(RegisterUserPageObj.java:46)
at tests.RegisterUserTest.registerUsers(RegisterUserTest.java:34)
... Removed 25 stack frames]]>
    </failure>
  </testcase> <!-- registerUsers -->
  <testcase name="registerUsers" time="0.003" classname="tests.RegisterUserTest">
    <failure type="java.lang.NullPointerException">
      <![CDATA[java.lang.NullPointerException
at org.openqa.selenium.support.pagefactory.DefaultElementLocator.findElement(DefaultElementLocator.java:69)
at org.openqa.selenium.support.pagefactory.internal.LocatingElementHandler.invoke(LocatingElementHandler.java:38)
at com.sun.proxy.$Proxy10.click(Unknown Source)
at pageObj.RegisterUserPageObj.clickMyAccount(RegisterUserPageObj.java:46)
at tests.RegisterUserTest.registerUsers(RegisterUserTest.java:34)
... Removed 25 stack frames]]>
    </failure>
  </testcase> <!-- registerUsers -->
</testsuite> <!-- Login to Hotel Page Dashboard -->
